# JRE version: Java(TM) SE Runtime Environment (8.0_191-b12) (build 1.8.0_191-b12)
# Java VM: Java HotSpot(TM) 64-Bit Server VM (25.191-b12 mixed mode windows-amd64 compressed oops)
Heap:
 PSYoungGen      total 347136K, used 214298K [0x00000000e0000000, 0x00000000f7580000, 0x0000000100000000)
  eden space 311808K, 68% used [0x00000000e0000000,0x00000000ed146840,0x00000000f3080000)
  from space 35328K, 0% used [0x00000000f3080000,0x00000000f3080000,0x00000000f5300000)
  to   space 30720K, 0% used [0x00000000f5500000,0x00000000f5500000,0x00000000f7300000)
 ParOldGen       total 147456K, used 73653K [0x00000000a0000000, 0x00000000a9000000, 0x00000000e0000000)
  object space 147456K, 49% used [0x00000000a0000000,0x00000000a47ed558,0x00000000a9000000)
 Metaspace       used 110460K, capacity 113718K, committed 113960K, reserved 1148928K
  class space    used 14118K, capacity 14857K, committed 14896K, reserved 1048576K
GC Heap History (10 events):
Event: 32.997 GC heap before
{Heap before GC invocations=11 (full 3):
 PSYoungGen      total 302080K, used 16937K [0x00000000e0000000, 0x00000000f4180000, 0x0000000100000000)
  eden space 282112K, 0% used [0x00000000e0000000,0x00000000e0000000,0x00000000f1380000)
  from space 19968K, 84% used [0x00000000f2e00000,0x00000000f3e8a668,0x00000000f4180000)
  to   space 23552K, 0% used [0x00000000f1380000,0x00000000f1380000,0x00000000f2a80000)
 ParOldGen       total 100352K, used 26185K [0x00000000a0000000, 0x00000000a6200000, 0x00000000e0000000)
  object space 100352K, 26% used [0x00000000a0000000,0x00000000a1992688,0x00000000a6200000)
 Metaspace       used 57675K, capacity 59082K, committed 59160K, reserved 1099776K
  class space    used 7953K, capacity 8352K, committed 8368K, reserved 1048576K
Event: 34.018 GC heap after
Heap after GC invocations=11 (full 3):
 PSYoungGen      total 302080K, used 0K [0x00000000e0000000, 0x00000000f4180000, 0x0000000100000000)
  eden space 282112K, 0% used [0x00000000e0000000,0x00000000e0000000,0x00000000f1380000)
  from space 19968K, 0% used [0x00000000f2e00000,0x00000000f2e00000,0x00000000f4180000)
  to   space 23552K, 0% used [0x00000000f1380000,0x00000000f1380000,0x00000000f2a80000)
 ParOldGen       total 147456K, used 30209K [0x00000000a0000000, 0x00000000a9000000, 0x00000000e0000000)
  object space 147456K, 20% used [0x00000000a0000000,0x00000000a1d804c8,0x00000000a9000000)
 Metaspace       used 57675K, capacity 59082K, committed 59160K, reserved 1099776K
  class space    used 7953K, capacity 8352K, committed 8368K, reserved 1048576K
}
Event: 48.902 GC heap before
{Heap before GC invocations=12 (full 3):
 PSYoungGen      total 302080K, used 282112K [0x00000000e0000000, 0x00000000f4180000, 0x0000000100000000)
  eden space 282112K, 100% used [0x00000000e0000000,0x00000000f1380000,0x00000000f1380000)
  from space 19968K, 0% used [0x00000000f2e00000,0x00000000f2e00000,0x00000000f4180000)
  to   space 23552K, 0% used [0x00000000f1380000,0x00000000f1380000,0x00000000f2a80000)
 ParOldGen       total 147456K, used 30209K [0x00000000a0000000, 0x00000000a9000000, 0x00000000e0000000)
  object space 147456K, 20% used [0x00000000a0000000,0x00000000a1d804c8,0x00000000a9000000)
 Metaspace       used 73131K, capacity 75188K, committed 75312K, reserved 1114112K
  class space    used 9931K, capacity 10432K, committed 10544K, reserved 1048576K
Event: 48.963 GC heap after
Heap after GC invocations=12 (full 3):
 PSYoungGen      total 305664K, used 23531K [0x00000000e0000000, 0x00000000f7300000, 0x0000000100000000)
  eden space 282112K, 0% used [0x00000000e0000000,0x00000000e0000000,0x00000000f1380000)
  from space 23552K, 99% used [0x00000000f1380000,0x00000000f2a7afe8,0x00000000f2a80000)
  to   space 30720K, 0% used [0x00000000f5500000,0x00000000f5500000,0x00000000f7300000)
 ParOldGen       total 147456K, used 38853K [0x00000000a0000000, 0x00000000a9000000, 0x00000000e0000000)
  object space 147456K, 26% used [0x00000000a0000000,0x00000000a25f17c0,0x00000000a9000000)
 Metaspace       used 73131K, capacity 75188K, committed 75312K, reserved 1114112K
  class space    used 9931K, capacity 10432K, committed 10544K, reserved 1048576K
}
Event: 112.813 GC heap before
{Heap before GC invocations=13 (full 3):
 PSYoungGen      total 305664K, used 305643K [0x00000000e0000000, 0x00000000f7300000, 0x0000000100000000)
  eden space 282112K, 100% used [0x00000000e0000000,0x00000000f1380000,0x00000000f1380000)
  from space 23552K, 99% used [0x00000000f1380000,0x00000000f2a7afe8,0x00000000f2a80000)
  to   space 30720K, 0% used [0x00000000f5500000,0x00000000f5500000,0x00000000f7300000)
 ParOldGen       total 147456K, used 38853K [0x00000000a0000000, 0x00000000a9000000, 0x00000000e0000000)
  object space 147456K, 26% used [0x00000000a0000000,0x00000000a25f17c0,0x00000000a9000000)
 Metaspace       used 80815K, capacity 83066K, committed 83376K, reserved 1122304K
  class space    used 10560K, capacity 11085K, committed 11184K, reserved 1048576K
Event: 112.878 GC heap after
Heap after GC invocations=13 (full 3):
 PSYoungGen      total 342528K, used 30718K [0x00000000e0000000, 0x00000000f7580000, 0x0000000100000000)
  eden space 311808K, 0% used [0x00000000e0000000,0x00000000e0000000,0x00000000f3080000)
  from space 30720K, 99% used [0x00000000f5500000,0x00000000f72ff948,0x00000000f7300000)
  to   space 35328K, 0% used [0x00000000f3080000,0x00000000f3080000,0x00000000f5300000)
 ParOldGen       total 147456K, used 38893K [0x00000000a0000000, 0x00000000a9000000, 0x00000000e0000000)
  object space 147456K, 26% used [0x00000000a0000000,0x00000000a25fb7c0,0x00000000a9000000)
 Metaspace       used 80815K, capacity 83066K, committed 83376K, reserved 1122304K
  class space    used 10560K, capacity 11085K, committed 11184K, reserved 1048576K
}
Event: 125.040 GC heap before
{Heap before GC invocations=14 (full 3):
 PSYoungGen      total 342528K, used 325892K [0x00000000e0000000, 0x00000000f7580000, 0x0000000100000000)
  eden space 311808K, 94% used [0x00000000e0000000,0x00000000f2041aa8,0x00000000f3080000)
  from space 30720K, 99% used [0x00000000f5500000,0x00000000f72ff948,0x00000000f7300000)
  to   space 35328K, 0% used [0x00000000f3080000,0x00000000f3080000,0x00000000f5300000)
 ParOldGen       total 147456K, used 38893K [0x00000000a0000000, 0x00000000a9000000, 0x00000000e0000000)
  object space 147456K, 26% used [0x00000000a0000000,0x00000000a25fb7c0,0x00000000a9000000)
 Metaspace       used 95928K, capacity 98424K, committed 98600K, reserved 1134592K
  class space    used 12454K, capacity 13078K, committed 13104K, reserved 1048576K
Event: 125.124 GC heap after
Heap after GC invocations=14 (full 3):
 PSYoungGen      total 347136K, used 35300K [0x00000000e0000000, 0x00000000f7580000, 0x0000000100000000)
  eden space 311808K, 0% used [0x00000000e0000000,0x00000000e0000000,0x00000000f3080000)
  from space 35328K, 99% used [0x00000000f3080000,0x00000000f52f93c8,0x00000000f5300000)
  to   space 30720K, 0% used [0x00000000f5500000,0x00000000f5500000,0x00000000f7300000)
 ParOldGen       total 147456K, used 58034K [0x00000000a0000000, 0x00000000a9000000, 0x00000000e0000000)
  object space 147456K, 39% used [0x00000000a0000000,0x00000000a38acbe0,0x00000000a9000000)
 Metaspace       used 95928K, capacity 98424K, committed 98600K, reserved 1134592K
  class space    used 12454K, capacity 13078K, committed 13104K, reserved 1048576K
}
Event: 125.124 GC heap before
{Heap before GC invocations=15 (full 4):
 PSYoungGen      total 347136K, used 35300K [0x00000000e0000000, 0x00000000f7580000, 0x0000000100000000)
  eden space 311808K, 0% used [0x00000000e0000000,0x00000000e0000000,0x00000000f3080000)
  from space 35328K, 99% used [0x00000000f3080000,0x00000000f52f93c8,0x00000000f5300000)
  to   space 30720K, 0% used [0x00000000f5500000,0x00000000f5500000,0x00000000f7300000)
 ParOldGen       total 147456K, used 58034K [0x00000000a0000000, 0x00000000a9000000, 0x00000000e0000000)
  object space 147456K, 39% used [0x00000000a0000000,0x00000000a38acbe0,0x00000000a9000000)
 Metaspace       used 95928K, capacity 98424K, committed 98600K, reserved 1134592K
  class space    used 12454K, capacity 13078K, committed 13104K, reserved 1048576K
Event: 125.555 GC heap after
Heap after GC invocations=15 (full 4):
 PSYoungGen      total 347136K, used 0K [0x00000000e0000000, 0x00000000f7580000, 0x0000000100000000)
  eden space 311808K, 0% used [0x00000000e0000000,0x00000000e0000000,0x00000000f3080000)
  from space 35328K, 0% used [0x00000000f3080000,0x00000000f3080000,0x00000000f5300000)
  to   space 30720K, 0% used [0x00000000f5500000,0x00000000f5500000,0x00000000f7300000)
 ParOldGen       total 147456K, used 73653K [0x00000000a0000000, 0x00000000a9000000, 0x00000000e0000000)
  object space 147456K, 49% used [0x00000000a0000000,0x00000000a47ed558,0x00000000a9000000)
 Metaspace       used 95884K, capacity 98294K, committed 98600K, reserved 1134592K
  class space    used 12440K, capacity 13055K, committed 13104K, reserved 1048576K
}

